<?xml version="1.0" encoding="UTF-8"?>
<!-- Generated by org.testng.reporters.JUnitReportReporter -->
<testsuite hostname="DESKTOP-CUE9DUD" failures="0" tests="1" name="testNG_Scripts.SampleTestCase" time="0.009" errors="0" timestamp="2025-06-13T12:09:33 IST" skipped="0">
  <testcase classname="testNG_Scripts.SampleTestCase" name="testCase" time="0.009">
    <system-out>
      <![CDATA[Good Afternoon]]>
    </system-out>
  </testcase> <!-- testCase -->
  <system-out>
    <![CDATA[Good Afternoon
Good Evening]]>
  </system-out>
</testsuite> <!-- testNG_Scripts.SampleTestCase -->
