<?xml version="1.0" encoding="UTF-8"?>
<!-- Generated by org.testng.reporters.JUnitReportReporter -->
<testsuite hostname="DESKTOP-CUE9DUD" failures="0" tests="1" name="runnerScripts.Testcase03" time="2.153" errors="0" timestamp="2025-06-17T16:33:17 IST" skipped="0">
  <testcase classname="runnerScripts.Testcase03" name="checkUsn" time="2.153"/>
</testsuite> <!-- runnerScripts.Testcase03 -->
