<?xml version="1.0" encoding="UTF-8"?>
<!-- Generated by org.testng.reporters.JUnitReportReporter -->
<testsuite hostname="DESKTOP-CUE9DUD" failures="0" tests="1" name="testNG_Scripts.VerificationHardAssert" time="21.630" errors="0" timestamp="2025-06-14T16:22:25 IST" skipped="0">
  <testcase classname="testNG_Scripts.VerificationHardAssert" name="verifyTitle" time="21.630"/>
</testsuite> <!-- testNG_Scripts.VerificationHardAssert -->
