<?xml version="1.0" encoding="UTF-8"?>
<!-- Generated by org.testng.reporters.JUnitReportReporter -->
<testsuite hostname="DESKTOP-CUE9DUD" failures="0" tests="2" name="testNG_Scripts.Enabled" time="0.011" errors="0" timestamp="2025-06-13T16:21:15 IST" skipped="1">
  <testcase classname="testNG_Scripts.Enabled" name="Signup" time="0.011"/>
  <testcase classname="testNG_Scripts.Enabled" name="login">
    <skipped/>
  </testcase> <!-- login -->
</testsuite> <!-- testNG_Scripts.Enabled -->
