<?xml version="1.0" encoding="UTF-8"?>
<!-- Generated by org.testng.reporters.JUnitReportReporter -->
<testsuite hostname="DESKTOP-CUE9DUD" failures="0" tests="5" name="testNG_Scripts.Priority" time="0.016" errors="0" timestamp="2025-06-13T16:16:56 IST" skipped="0">
  <testcase classname="testNG_Scripts.Priority" name="Signup" time="0.011"/>
  <testcase classname="testNG_Scripts.Priority" name="login" time="0.001"/>
  <testcase classname="testNG_Scripts.Priority" name="homepage" time="0.002"/>
  <testcase classname="testNG_Scripts.Priority" name="Profile" time="0.001"/>
  <testcase classname="testNG_Scripts.Priority" name="logout" time="0.001"/>
</testsuite> <!-- testNG_Scripts.Priority -->
