<?xml version="1.0" encoding="UTF-8"?>
<!-- Generated by org.testng.reporters.JUnitReportReporter -->
<testsuite hostname="DESKTOP-CUE9DUD" failures="0" tests="2" name="testNG_Scripts.InvovationCount" time="0.021" errors="0" timestamp="2025-06-13T16:10:39 IST" skipped="0">
  <testcase classname="testNG_Scripts.InvovationCount" name="FacebookLogin" time="0.009"/>
  <testcase classname="testNG_Scripts.InvovationCount" name="FacebookLogin" time="0.012"/>
</testsuite> <!-- testNG_Scripts.InvovationCount -->
