<?xml version="1.0" encoding="UTF-8"?>
<!-- Generated by org.testng.reporters.JUnitReportReporter -->
<testsuite hostname="DESKTOP-CUE9DUD" failures="0" tests="1" name="runnerScripts.Testcase04" time="3.494" errors="0" timestamp="2025-06-17T16:33:17 IST" skipped="0">
  <testcase classname="runnerScripts.Testcase04" name="loginTestcase" time="3.494"/>
</testsuite> <!-- runnerScripts.Testcase04 -->
