<?xml version="1.0" encoding="UTF-8"?>
<!-- Generated by org.testng.reporters.JUnitReportReporter -->
<testsuite hostname="DESKTOP-CUE9DUD" failures="0" tests="1" name="runnerScripts.Testcase01" time="4.639" errors="0" timestamp="2025-06-17T16:33:17 IST" skipped="0">
  <testcase classname="runnerScripts.Testcase01" name="fetchTitle" time="4.639"/>
</testsuite> <!-- runnerScripts.Testcase01 -->
